18:22:06.807 [main] DEBUG com.intuit.karate.Suite - [config] classpath:karate-config.js
18:22:07.647 [main] INFO  com.intuit.karate - karate.env system property was: null 
18:22:07.928 [main] DEBUG com.intuit.karate - request:
1 > POST https://petstore.swagger.io/v2/pet
1 > Content-Type: application/json; charset=UTF-8
1 > Content-Length: 137
1 > Host: petstore.swagger.io
1 > Connection: Keep-Alive
1 > User-Agent: Apache-HttpClient/4.5.14 (Java/24.0.1)
1 > Accept-Encoding: gzip,deflate
{"id":500,"category":{"id":0,"name":"Cat"},"name":"michi","photoUrls":["string"],"tags":[{"id":0,"name":"mascota"}],"status":"available"}

18:22:08.927 [main] DEBUG com.intuit.karate - response time in milliseconds: 996
1 < 200
1 < Date: Mon, 05 May 2025 22:22:08 GMT
1 < Content-Type: application/json
1 < Transfer-Encoding: chunked
1 < Connection: keep-alive
1 < Access-Control-Allow-Origin: *
1 < Access-Control-Allow-Methods: GET, POST, DELETE, PUT
1 < Access-Control-Allow-Headers: Content-Type, api_key, Authorization
1 < Server: Jetty(9.2.9.v20150224)
{"id":500,"category":{"id":0,"name":"Cat"},"name":"michi","photoUrls":["string"],"tags":[{"id":0,"name":"mascota"}],"status":"available"}

18:22:09.392 [main] INFO  com.intuit.karate - karate.env system property was: null 
18:22:09.408 [main] DEBUG com.intuit.karate - request:
1 > GET https://petstore.swagger.io/v2/pet/500
1 > Host: petstore.swagger.io
1 > Connection: Keep-Alive
1 > User-Agent: Apache-HttpClient/4.5.14 (Java/24.0.1)
1 > Accept-Encoding: gzip,deflate


18:22:10.020 [main] DEBUG com.intuit.karate - response time in milliseconds: 612
1 < 200
1 < Date: Mon, 05 May 2025 22:22:10 GMT
1 < Content-Type: application/json
1 < Transfer-Encoding: chunked
1 < Connection: keep-alive
1 < Access-Control-Allow-Origin: *
1 < Access-Control-Allow-Methods: GET, POST, DELETE, PUT
1 < Access-Control-Allow-Headers: Content-Type, api_key, Authorization
1 < Server: Jetty(9.2.9.v20150224)
{"id":500,"category":{"id":0,"name":"Cat"},"name":"michi","photoUrls":["string"],"tags":[{"id":0,"name":"mascota"}],"status":"available"}

